0 info it worked if it ends with ok
1 verbose cli [ '/usr/local/bin/node', '/usr/local/bin/npm', 'run', 'dev' ]
2 info using npm@3.10.10
3 info using node@v6.11.2
4 verbose run-script [ 'predev', 'dev', 'postdev' ]
5 info lifecycle flyer-ui-react@1.0.0~predev: flyer-ui-react@1.0.0
6 silly lifecycle flyer-ui-react@1.0.0~predev: no script for predev, continuing
7 info lifecycle flyer-ui-react@1.0.0~dev: flyer-ui-react@1.0.0
8 verbose lifecycle flyer-ui-react@1.0.0~dev: unsafe-perm in lifecycle true
9 verbose lifecycle flyer-ui-react@1.0.0~dev: PATH: /usr/local/lib/node_modules/npm/bin/node-gyp-bin:/Users/mac/Downloads/baidu cloud/flyer-ui-react/node_modules/.bin:/opt/local/bin:/opt/local/sbin:/usr/local/bin:/usr/bin:/bin:/usr/sbin:/sbin:/opt/local/bin:/opt/local/sbin
10 verbose lifecycle flyer-ui-react@1.0.0~dev: CWD: /Users/mac/Downloads/baidu cloud/flyer-ui-react
11 silly lifecycle flyer-ui-react@1.0.0~dev: Args: [ '-c',
11 silly lifecycle   'webpack-dev-server --hot --host localhost --port 8011' ]
12 silly lifecycle flyer-ui-react@1.0.0~dev: Returned: code: 1  signal: null
13 info lifecycle flyer-ui-react@1.0.0~dev: Failed to exec dev script
14 verbose stack Error: flyer-ui-react@1.0.0 dev: `webpack-dev-server --hot --host localhost --port 8011`
14 verbose stack Exit status 1
14 verbose stack     at EventEmitter.<anonymous> (/usr/local/lib/node_modules/npm/lib/utils/lifecycle.js:255:16)
14 verbose stack     at emitTwo (events.js:106:13)
14 verbose stack     at EventEmitter.emit (events.js:191:7)
14 verbose stack     at ChildProcess.<anonymous> (/usr/local/lib/node_modules/npm/lib/utils/spawn.js:40:14)
14 verbose stack     at emitTwo (events.js:106:13)
14 verbose stack     at ChildProcess.emit (events.js:191:7)
14 verbose stack     at maybeClose (internal/child_process.js:891:16)
14 verbose stack     at Process.ChildProcess._handle.onexit (internal/child_process.js:226:5)
15 verbose pkgid flyer-ui-react@1.0.0
16 verbose cwd /Users/mac/Downloads/baidu cloud/flyer-ui-react
17 error Darwin 14.4.0
18 error argv "/usr/local/bin/node" "/usr/local/bin/npm" "run" "dev"
19 error node v6.11.2
20 error npm  v3.10.10
21 error code ELIFECYCLE
22 error flyer-ui-react@1.0.0 dev: `webpack-dev-server --hot --host localhost --port 8011`
22 error Exit status 1
23 error Failed at the flyer-ui-react@1.0.0 dev script 'webpack-dev-server --hot --host localhost --port 8011'.
23 error Make sure you have the latest version of node.js and npm installed.
23 error If you do, this is most likely a problem with the flyer-ui-react package,
23 error not with npm itself.
23 error Tell the author that this fails on your system:
23 error     webpack-dev-server --hot --host localhost --port 8011
23 error You can get information on how to open an issue for this project with:
23 error     npm bugs flyer-ui-react
23 error Or if that isn't available, you can get their info via:
23 error     npm owner ls flyer-ui-react
23 error There is likely additional logging output above.
24 verbose exit [ 1, true ]
